--- Copying files at Mon Jul  4 13:00:01 UTC 2022
INSTALLED plugins/htmlpublisher.jpi : 1.30
INSTALLED plugins/blueocean-core-js.jpi : 1.25.5
INSTALLED plugins/blueocean-rest.jpi : 1.25.5
INSTALLED plugins/blueocean-pipeline-api-impl.jpi : 1.25.5
INSTALLED plugins/blueocean-pipeline-editor.jpi : 1.25.5
INSTALLED plugins/blueocean-personalization.jpi : 1.25.5
INSTALLED plugins/pipeline-stage-tags-metadata.jpi : 2.2097.v33db_b_de764b_e
INSTALLED plugins/pipeline-model-api.jpi : 2.2097.v33db_b_de764b_e
INSTALLED plugins/pipeline-model-definition.jpi : 2.2097.v33db_b_de764b_e
INSTALLED plugins/pipeline-model-extensions.jpi : 2.2097.v33db_b_de764b_e
INSTALLED plugins/jaxb.jpi : 2.3.6-1
INSTALLED plugins/junit.jpi : 1119.1121.vc43d0fc45561
INSTALLED plugins/favorite.jpi : 2.4.1
INSTALLED plugins/jquery3-api.jpi : 3.6.0-4
INSTALLED plugins/workflow-multibranch.jpi : 716.vc692a_e52371b_
INSTALLED plugins/bootstrap5-api.jpi : 5.1.3-7
INSTALLED plugins/durable-task.jpi : 496.va67c6f9eefa7
INSTALLED plugins/ace-editor.jpi : 1.1
INSTALLED plugins/blueocean-git-pipeline.jpi : 1.25.5
INSTALLED plugins/blueocean-autofavorite.jpi : 1.2.5
INSTALLED plugins/branch-api.jpi : 2.1046.v0ca_37783ecc5
INSTALLED plugins/pipeline-groovy-lib.jpi : 593.va_a_fc25d520e9
INSTALLED plugins/workflow-job.jpi : 1189.va_d37a_e9e4eda_
INSTALLED plugins/workflow-step-api.jpi : 625.vd896b_f445a_f8
INSTALLED plugins/pipeline-stage-step.jpi : 293.v200037eefcd5
INSTALLED plugins/blueocean-dashboard.jpi : 1.25.5
INSTALLED plugins/github.jpi : 1.34.3
INSTALLED plugins/workflow-scm-step.jpi : 400.v6b_89a_1317c9a_
INSTALLED plugins/credentials.jpi : 1139.veb_9579fca_33b_
INSTALLED plugins/pipeline-build-step.jpi : 2.18
INSTALLED plugins/popper2-api.jpi : 2.11.5-2
INSTALLED plugins/plain-credentials.jpi : 1.8
INSTALLED plugins/javax-activation-api.jpi : 1.2.0-3
INSTALLED plugins/blueocean-github-pipeline.jpi : 1.25.5
INSTALLED plugins/jenkins-design-language.jpi : 1.25.5
INSTALLED plugins/font-awesome-api.jpi : 6.1.1-1
INSTALLED plugins/snakeyaml-api.jpi : 1.30.2-76.vc104f7ce9870
INSTALLED plugins/jsch.jpi : 0.1.55.2
INSTALLED plugins/blueocean-i18n.jpi : 1.25.5
INSTALLED plugins/blueocean-web.jpi : 1.25.5
INSTALLED plugins/display-url-api.jpi : 2.3.6
INSTALLED plugins/github-api.jpi : 1.303-400.v35c2d8258028
INSTALLED plugins/variant.jpi : 1.4
INSTALLED plugins/jackson2-api.jpi : 2.13.3-285.vc03c0256d517
INSTALLED plugins/jjwt-api.jpi : 0.11.5-77.v646c772fddb_0
INSTALLED plugins/pipeline-milestone-step.jpi : 101.vd572fef9d926
INSTALLED plugins/workflow-cps.jpi : 2725.v7b_c717eb_12ce
INSTALLED plugins/github-branch-source.jpi : 1656.v77eddb_b_e95df
INSTALLED plugins/token-macro.jpi : 293.v283932a_0a_b_49
INSTALLED plugins/apache-httpcomponents-client-4-api.jpi : 4.5.13-1.0
INSTALLED plugins/script-security.jpi : 1175.v4b_d517d6db_f0
INSTALLED plugins/workflow-durable-task-step.jpi : 1155.v79567b_e0a_2de
INSTALLED plugins/okhttp-api.jpi : 4.9.3-105.vb96869f8ac3a
INSTALLED plugins/git-client.jpi : 3.11.0
INSTALLED plugins/cloudbees-bitbucket-branch-source.jpi : 773.v4b_9b_005b_562b_
INSTALLED plugins/blueocean-events.jpi : 1.25.5
INSTALLED plugins/blueocean.jpi : 1.25.5
INSTALLED plugins/credentials-binding.jpi : 523.vd859a_4b_122e6
INSTALLED plugins/git.jpi : 4.11.3
INSTALLED plugins/matrix-project.jpi : 772.v494f19991984
INSTALLED plugins/pubsub-light.jpi : 1.16
INSTALLED plugins/blueocean-display-url.jpi : 2.4.1
INSTALLED plugins/workflow-basic-steps.jpi : 948.v2c72a_091b_b_68
INSTALLED plugins/scm-api.jpi : 608.vfa_f971c5a_a_e9
INSTALLED plugins/blueocean-bitbucket-pipeline.jpi : 1.25.5
INSTALLED plugins/pipeline-graph-analysis.jpi : 195.v5812d95a_a_2f9
INSTALLED plugins/antisamy-markup-formatter.jpi : 2.7
INSTALLED plugins/matrix-auth.jpi : 3.1.4
INSTALLED plugins/authentication-tokens.jpi : 1.4
INSTALLED plugins/blueocean-config.jpi : 1.25.5
INSTALLED plugins/cloudbees-folder.jpi : 6.729.v2b_9d1a_74d673
INSTALLED plugins/sse-gateway.jpi : 1.25
INSTALLED plugins/javax-mail-api.jpi : 1.6.2-6
INSTALLED plugins/echarts-api.jpi : 5.3.3-1
INSTALLED plugins/structs.jpi : 318.va_f3ccb_729b_71
INSTALLED plugins/blueocean-rest-impl.jpi : 1.25.5
INSTALLED plugins/workflow-api.jpi : 1165.v02c3db_a_6b_e36
INSTALLED plugins/ssh-credentials.jpi : 277.v95c2fec1c047
INSTALLED plugins/handy-uri-templates-2-api.jpi : 2.1.8-22.v77d5b_75e6953
INSTALLED plugins/blueocean-pipeline-scm-api.jpi : 1.25.5
INSTALLED plugins/trilead-api.jpi : 1.57.v6e90e07157e1
INSTALLED plugins/pipeline-input-step.jpi : 449.v77f0e8b_845c4
INSTALLED plugins/caffeine-api.jpi : 2.9.3-65.v6a_47d0f4d1fe
INSTALLED plugins/plugin-util-api.jpi : 2.17.0
INSTALLED plugins/checks-api.jpi : 1.7.4
INSTALLED plugins/blueocean-commons.jpi : 1.25.5
INSTALLED plugins/mailer.jpi : 414.vcc4c33714601
INSTALLED plugins/workflow-support.jpi : 820.vd1a_6cc65ef33
INSTALLED plugins/blueocean-jwt.jpi : 1.25.5
--- Copying files at Mon Jul  4 14:32:34 UTC 2022
--- Copying files at Mon Jul  4 16:02:10 UTC 2022
--- Copying files at Tue Jul  5 08:11:10 UTC 2022
--- Copying files at Thu Jul  7 06:24:14 UTC 2022
--- Copying files at Mon Jul 11 08:23:29 UTC 2022
